[debug] [2023-10-12T10:35:46.842Z] ----------------------------------------------------------------------
[debug] [2023-10-12T10:35:46.846Z] Command:       C:\Program Files\nodejs\node.exe C:\Users\Ashu\AppData\Roaming\npm\node_modules\firebase-tools\lib\bin\firebase.js login
[debug] [2023-10-12T10:35:46.847Z] CLI Version:   12.7.0
[debug] [2023-10-12T10:35:46.848Z] Platform:      win32
[debug] [2023-10-12T10:35:46.848Z] Node Version:  v18.17.1
[debug] [2023-10-12T10:35:46.850Z] Time:          Thu Oct 12 2023 13:35:46 GMT+0300 (East Africa Time)
[debug] [2023-10-12T10:35:46.851Z] ----------------------------------------------------------------------
[debug] 
[info] i  Firebase optionally collects CLI and Emulator Suite usage and error reporting information to help improve our products. Data is collected in accordance with Google's privacy policy (https://policies.google.com/privacy) and is not used to identify you.
 
[info] i  To change your data collection preference at any time, run `firebase logout` and log in again. 
[info] 
[info] Visit this URL on this device to log in:
[info] https://accounts.google.com/o/oauth2/auth?client_id=563584335869-fgrhgmd47bqnekij5i8b5pr03ho849e6.apps.googleusercontent.com&scope=email%20openid%20https%3A%2F%2Fwww.googleapis.com%2Fauth%2Fcloudplatformprojects.readonly%20https%3A%2F%2Fwww.googleapis.com%2Fauth%2Ffirebase%20https%3A%2F%2Fwww.googleapis.com%2Fauth%2Fcloud-platform&response_type=code&state=140271679&redirect_uri=http%3A%2F%2Flocalhost%3A9005
[info] 
[info] Waiting for authentication...
[debug] [2023-10-12T10:35:53.315Z] Error: spawn cmd ENOENT
    at ChildProcess._handle.onexit (node:internal/child_process:283:19)
    at onErrorNT (node:internal/child_process:476:16)
    at process.processTicksAndRejections (node:internal/process/task_queues:82:21)
[error] 
[error] Error: An unexpected error has occurred.
